<?xml version="1.0" encoding="UTF-8"?>
<!-- Generated by org.testng.reporters.JUnitXMLReporter -->
<testsuite hostname="DESKTOP-SICLOU2" ignored="0" name="Default test" tests="2" failures="0" timestamp="2021-01-26T23:33:51 EET" time="18.532" errors="0">
  <testcase name="Write_Email_to_Create_New_Account" time="5.285" classname="com.vodefone.tests.RegisterationTest"/>
  <testcase name="CreateNewAccount" time="12.39" classname="com.vodefone.tests.RegisterationTest"/>
</testsuite> <!-- Default test -->
