<?xml version="1.0" encoding="UTF-8"?>
<!-- Generated by org.testng.reporters.JUnitXMLReporter -->
<testsuite hostname="DESKTOP-SICLOU2" ignored="6" name="Test" tests="5" failures="0" timestamp="2021-01-27T08:49:49 EET" time="46.992" errors="0">
  <testcase name="CreateNewAccount" time="16.851" classname="com.vodefone.tests.RegisterationTest"/>
  <testcase name="LoginUser" time="4.437" classname="com.vodefone.tests.LoginTest"/>
  <testcase name="SelectBlouse" time="5.527" classname="com.vodefone.tests.ChooseproductTest"/>
  <testcase name="add_blouse_to_cart" time="4.246" classname="com.vodefone.tests.ProductTest"/>
  <testcase name="payment_checkout" time="8.098" classname="com.vodefone.tests.ProductTest"/>
  <testcase name="@BeforeSuite startdriver" time="0.0" classname="com.vodefone.tests.TestBase">
    <ignored/>
  </testcase> <!-- @BeforeSuite startdriver -->
  <testcase name="@BeforeSuite startdriver" time="0.0" classname="com.vodefone.tests.TestBase">
    <ignored/>
  </testcase> <!-- @BeforeSuite startdriver -->
  <testcase name="@BeforeSuite startdriver" time="0.0" classname="com.vodefone.tests.TestBase">
    <ignored/>
  </testcase> <!-- @BeforeSuite startdriver -->
  <testcase name="@AfterSuite teardown" time="0.0" classname="com.vodefone.tests.TestBase">
    <ignored/>
  </testcase> <!-- @AfterSuite teardown -->
  <testcase name="@AfterSuite teardown" time="0.0" classname="com.vodefone.tests.TestBase">
    <ignored/>
  </testcase> <!-- @AfterSuite teardown -->
  <testcase name="@AfterSuite teardown" time="0.0" classname="com.vodefone.tests.TestBase">
    <ignored/>
  </testcase> <!-- @AfterSuite teardown -->
</testsuite> <!-- Test -->
