<?xml version="1.0" encoding="UTF-8"?>
<!-- Generated by org.testng.reporters.JUnitXMLReporter -->
<testsuite hostname="DESKTOP-SICLOU2" ignored="6" name="Test" tests="6" failures="0" timestamp="2021-01-26T23:20:39 EET" time="39.923" errors="0">
  <testcase name="Write_Email_to_Create_New_Account" time="3.894" classname="com.vodefone.tests.RegisterationTest"/>
  <testcase name="CreateNewAccount" time="10.346" classname="com.vodefone.tests.RegisterationTest"/>
  <testcase name="LoginUser" time="5.651" classname="com.vodefone.tests.LoginTest"/>
  <testcase name="SelectBlouse" time="3.033" classname="com.vodefone.tests.ChooseproductTest"/>
  <testcase name="add_blouse_to_cart" time="3.974" classname="com.vodefone.tests.ProductTest"/>
  <testcase name="payment_checkout" time="11.958" classname="com.vodefone.tests.ProductTest"/>
  <testcase name="@BeforeSuite startdriver" time="0.0" classname="com.vodefone.tests.TestBase">
    <ignored/>
  </testcase> <!-- @BeforeSuite startdriver -->
  <testcase name="@BeforeSuite startdriver" time="0.0" classname="com.vodefone.tests.TestBase">
    <ignored/>
  </testcase> <!-- @BeforeSuite startdriver -->
  <testcase name="@BeforeSuite startdriver" time="0.0" classname="com.vodefone.tests.TestBase">
    <ignored/>
  </testcase> <!-- @BeforeSuite startdriver -->
  <testcase name="@AfterSuite teardown" time="0.0" classname="com.vodefone.tests.TestBase">
    <ignored/>
  </testcase> <!-- @AfterSuite teardown -->
  <testcase name="@AfterSuite teardown" time="0.0" classname="com.vodefone.tests.TestBase">
    <ignored/>
  </testcase> <!-- @AfterSuite teardown -->
  <testcase name="@AfterSuite teardown" time="0.0" classname="com.vodefone.tests.TestBase">
    <ignored/>
  </testcase> <!-- @AfterSuite teardown -->
</testsuite> <!-- Test -->
