<?xml version="1.0" encoding="UTF-8"?>
<testng-results skipped="0" failed="0" ignored="0" total="1" passed="1">
  <reporter-output>
  </reporter-output>
  <suite name="Default suite" duration-ms="4552" started-at="2021-01-26T19:56:49 EET" finished-at="2021-01-26T19:56:54 EET">
    <groups>
    </groups>
    <test name="Default test" duration-ms="4552" started-at="2021-01-26T19:56:49 EET" finished-at="2021-01-26T19:56:54 EET">
      <class name="com.vodefone.tests.RegisterationTest">
        <test-method status="PASS" signature="startdriver(java.lang.String)[pri:0, instance:com.vodefone.tests.RegisterationTest@37374a5e]" name="startdriver" is-config="true" duration-ms="14782" started-at="2021-01-26T19:56:34 EET" finished-at="2021-01-26T19:56:49 EET">
          <params>
            <param index="0">
              <value>
                <![CDATA[chrome]]>
              </value>
            </param>
          </params>
          <reporter-output>
          </reporter-output>
        </test-method> <!-- startdriver -->
        <test-method status="PASS" signature="Write_Email_to_Create_New_Account()[pri:1, instance:com.vodefone.tests.RegisterationTest@37374a5e]" name="Write_Email_to_Create_New_Account" duration-ms="4504" started-at="2021-01-26T19:56:49 EET" finished-at="2021-01-26T19:56:53 EET">
          <reporter-output>
          </reporter-output>
        </test-method> <!-- Write_Email_to_Create_New_Account -->
        <test-method status="PASS" signature="takeScreenShotOnFailureAndClosebrowser(org.testng.ITestResult)[pri:0, instance:com.vodefone.tests.RegisterationTest@37374a5e]" name="takeScreenShotOnFailureAndClosebrowser" is-config="true" duration-ms="1" started-at="2021-01-26T19:56:53 EET" finished-at="2021-01-26T19:56:53 EET">
          <params>
            <param index="0">
              <value>
                <![CDATA[[TestResult name=Write_Email_to_Create_New_Account status=SUCCESS method=RegisterationTest.Write_Email_to_Create_New_Account()[pri:1, instance:com.vodefone.tests.RegisterationTest@37374a5e] output={null}]]]>
              </value>
            </param>
          </params>
          <reporter-output>
          </reporter-output>
        </test-method> <!-- takeScreenShotOnFailureAndClosebrowser -->
        <test-method status="PASS" signature="teardown()[pri:0, instance:com.vodefone.tests.RegisterationTest@37374a5e]" name="teardown" is-config="true" duration-ms="0" started-at="2021-01-26T19:56:54 EET" finished-at="2021-01-26T19:56:54 EET">
          <reporter-output>
          </reporter-output>
        </test-method> <!-- teardown -->
      </class> <!-- com.vodefone.tests.RegisterationTest -->
    </test> <!-- Default test -->
  </suite> <!-- Default suite -->
</testng-results>
